7.1635 	WARNING 	Import Error: No module named 'psychtoolbox'. Using event module for keyboard component.
8.7031 	WARNING 	User requested fullscreen with size [1920 1080], but screen is actually [1366, 768]. Using actual size
10.2621 	EXP 	Created window1 = Window(allowGUI=False, allowStencil=False, args=UNKNOWN, autoLog=True, bitsMode=UNKNOWN, blendMode='avg', color=array([0., 0., 0.]), colorSpace='rgb', fullscr=<method-wrapper '__getattribute__' of attributeSetter object at 0x00000274AC04A518>, gamma=None, kwargs=UNKNOWN, lms=UNKNOWN, monitor=<psychopy.monitors.calibTools.Monitor object at 0x00000274ABE96CC0>, multiSample=False, name='window1', numSamples=2, pos=[0.0, 0.0], screen=0, size=array([1366,  768]), stereo=False, units='norm', useFBO=True, useRetina=False, viewOri=0.0, viewPos=None, viewScale=None, waitBlanking=True, winType='pyglet')
10.2622 	EXP 	window1: recordFrameIntervals = False
10.4282 	EXP 	window1: recordFrameIntervals = True
10.6118 	EXP 	window1: recordFrameIntervals = False
10.8364 	EXP 	Created text = TextStim(__class__=<class 'psychopy.visual.text.TextStim'>, alignHoriz='center', alignVert='center', antialias=True, autoLog=True, bold=False, color='black', colorSpace='named', contrast=1.0, depth=0.0, flipHoriz=False, flipVert=False, font='Calibri', fontFiles=[], height=0.05, italic=False, languageStyle='LTR', name='text', opacity=1.0, ori=0, pos=array([0., 0.]), rgb=array([0., 0., 0.]), text=str(...), units='norm', win=Window(...), wrapWidth=1)
10.9183 	EXP 	Created instr1 = TextStim(__class__=<class 'psychopy.visual.text.TextStim'>, alignHoriz='center', alignVert='center', antialias=True, autoLog=True, bold=False, color='black', colorSpace='named', contrast=1.0, depth=0.0, flipHoriz=False, flipVert=False, font='Arial', fontFiles=[], height=0.04, italic=False, languageStyle='LTR', name='instr1', opacity=1.0, ori=0, pos=array([0., 0.]), rgb=array([0., 0., 0.]), text=str(...), units='norm', win=Window(...), wrapWidth=1)
10.9280 	EXP 	Created fixation0 = TextStim(__class__=<class 'psychopy.visual.text.TextStim'>, alignHoriz='center', alignVert='center', antialias=True, autoLog=True, bold=False, color='black', colorSpace='named', contrast=1.0, depth=0.0, flipHoriz=False, flipVert=False, font='Calibri', fontFiles=[], height=0.1, italic=False, languageStyle='LTR', name='fixation0', opacity=1.0, ori=0, pos=array([0., 0.]), rgb=array([0., 0., 0.]), text='+', units='norm', win=Window(...), wrapWidth=1)
10.9478 	EXP 	Created letter0_1 = TextStim(__class__=<class 'psychopy.visual.text.TextStim'>, alignHoriz='center', alignVert='center', antialias=True, autoLog=True, bold=False, color='black', colorSpace='named', contrast=1.0, depth=-1.0, flipHoriz=False, flipVert=False, font='hiragana tfb', fontFiles=[], height=0.2, italic=False, languageStyle='LTR', name='letter0_1', opacity=1.0, ori=0, pos=array([-0.1,  0. ]), rgb=array([0., 0., 0.]), text='default text', units='norm', win=Window(...), wrapWidth=1)
10.9564 	EXP 	Created letter0_2 = TextStim(__class__=<class 'psychopy.visual.text.TextStim'>, alignHoriz='center', alignVert='center', antialias=True, autoLog=True, bold=False, color='black', colorSpace='named', contrast=1.0, depth=-2.0, flipHoriz=False, flipVert=False, font='hiragana tfb', fontFiles=[], height=0.2, italic=False, languageStyle='LTR', name='letter0_2', opacity=1.0, ori=0, pos=array([0.1, 0. ]), rgb=array([0., 0., 0.]), text='default text', units='norm', win=Window(...), wrapWidth=1)
10.9677 	EXP 	Created prep_feedb = TextStim(__class__=<class 'psychopy.visual.text.TextStim'>, alignHoriz='center', alignVert='center', antialias=True, autoLog=True, bold=False, color='white', colorSpace='named', contrast=1.0, depth=-1.0, flipHoriz=False, flipVert=False, font='Calibri', fontFiles=[], height=0.1, italic=False, languageStyle='LTR', name='prep_feedb', opacity=1.0, ori=0, pos=array([0., 0.]), rgb=array([255., 255., 255.]), text='default text', units='norm', win=Window(...), wrapWidth=1)
11.0099 	EXP 	Created prep_outro = TextStim(__class__=<class 'psychopy.visual.text.TextStim'>, alignHoriz='center', alignVert='center', antialias=True, autoLog=True, bold=False, color='black', colorSpace='named', contrast=1.0, depth=0.0, flipHoriz=False, flipVert=False, font='Calibri', fontFiles=[], height=0.05, italic=False, languageStyle='LTR', name='prep_outro', opacity=1.0, ori=0, pos=array([0., 0.]), rgb=array([0., 0., 0.]), text=str(...), units='norm', win=Window(...), wrapWidth=1)
11.0325 	EXP 	Created quest = TextStim(__class__=<class 'psychopy.visual.text.TextStim'>, alignHoriz='center', alignVert='center', antialias=True, autoLog=True, bold=False, color='black', colorSpace='named', contrast=1.0, depth=0.0, flipHoriz=False, flipVert=False, font='Arial', fontFiles=[], height=0.15, italic=False, languageStyle='LTR', name='quest', opacity=1.0, ori=0, pos=array([0. , 0.4]), rgb=array([0., 0., 0.]), text='default text', units='norm', win=Window(...), wrapWidth=1)
11.0580 	EXP 	Created letter_string = TextStim(__class__=<class 'psychopy.visual.text.TextStim'>, alignHoriz='center', alignVert='center', antialias=True, autoLog=True, bold=False, color='black', colorSpace='named', contrast=1.0, depth=-1.0, flipHoriz=False, flipVert=False, font='hiragana tfb', fontFiles=[], height=0.3, italic=False, languageStyle='LTR', name='letter_string', opacity=1.0, ori=0, pos=array([0. , 0.1]), rgb=array([0., 0., 0.]), text='default text', units='norm', win=Window(...), wrapWidth=1)
11.0807 	EXP 	Created number_string = TextStim(__class__=<class 'psychopy.visual.text.TextStim'>, alignHoriz='center', alignVert='center', antialias=True, autoLog=True, bold=False, color='black', colorSpace='named', contrast=1.0, depth=-2.0, flipHoriz=False, flipVert=False, font='Arial', fontFiles=[], height=0.2, italic=False, languageStyle='LTR', name='number_string', opacity=1.0, ori=0, pos=array([ 0. , -0.2]), rgb=array([0., 0., 0.]), text='default text', units='norm', win=Window(...), wrapWidth=1)
11.1403 	EXP 	Created pract_intr = TextStim(__class__=<class 'psychopy.visual.text.TextStim'>, alignHoriz='center', alignVert='center', antialias=True, autoLog=True, bold=False, color='black', colorSpace='named', contrast=1.0, depth=-1.0, flipHoriz=False, flipVert=False, font='Calibri', fontFiles=[], height=0.05, italic=False, languageStyle='LTR', name='pract_intr', opacity=1.0, ori=0, pos=array([0., 0.]), rgb=array([0., 0., 0.]), text=str(...), units='norm', win=Window(...), wrapWidth=1)
11.1443 	EXP 	Created fixation1 = TextStim(__class__=<class 'psychopy.visual.text.TextStim'>, alignHoriz='center', alignVert='center', antialias=True, autoLog=True, bold=False, color='black', colorSpace='named', contrast=1.0, depth=-1.0, flipHoriz=False, flipVert=False, font='Calibri', fontFiles=[], height=0.1, italic=False, languageStyle='LTR', name='fixation1', opacity=1.0, ori=0, pos=array([0., 0.]), rgb=array([0., 0., 0.]), text='+', units='norm', win=Window(...), wrapWidth=1)
11.1505 	EXP 	Created letter1_1 = TextStim(__class__=<class 'psychopy.visual.text.TextStim'>, alignHoriz='center', alignVert='center', antialias=True, autoLog=True, bold=False, color='black', colorSpace='named', contrast=1.0, depth=-2.0, flipHoriz=False, flipVert=False, font='hiragana tfb', fontFiles=[], height=0.2, italic=False, languageStyle='LTR', name='letter1_1', opacity=1.0, ori=0, pos=array([-0.1,  0. ]), rgb=array([0., 0., 0.]), text='default text', units='norm', win=Window(...), wrapWidth=1)
11.1568 	EXP 	Created letter1_2 = TextStim(__class__=<class 'psychopy.visual.text.TextStim'>, alignHoriz='center', alignVert='center', antialias=True, autoLog=True, bold=False, color='black', colorSpace='named', contrast=1.0, depth=-3.0, flipHoriz=False, flipVert=False, font='hiragana tfb', fontFiles=[], height=0.2, italic=False, languageStyle='LTR', name='letter1_2', opacity=1.0, ori=0, pos=array([0.1, 0. ]), rgb=array([0., 0., 0.]), text='default text', units='norm', win=Window(...), wrapWidth=1)
11.1576 	EXP 	Created blank_feed = TextStim(__class__=<class 'psychopy.visual.text.TextStim'>, alignHoriz='center', alignVert='center', antialias=True, autoLog=True, bold=False, color='black', colorSpace='named', contrast=1.0, depth=-1.0, flipHoriz=False, flipVert=False, font='Calibri', fontFiles=[], height=0.1, italic=False, languageStyle='LTR', name='blank_feed', opacity=1.0, ori=0, pos=array([0., 0.]), rgb=array([0., 0., 0.]), text='', units='norm', win=Window(...), wrapWidth=1)
11.1634 	EXP 	Created feedb = TextStim(__class__=<class 'psychopy.visual.text.TextStim'>, alignHoriz='center', alignVert='center', antialias=True, autoLog=True, bold=False, color='white', colorSpace='named', contrast=1.0, depth=-2.0, flipHoriz=False, flipVert=False, font='Calibri', fontFiles=[], height=0.1, italic=False, languageStyle='LTR', name='feedb', opacity=1.0, ori=0, pos=array([0., 0.]), rgb=array([255., 255., 255.]), text='default text', units='norm', win=Window(...), wrapWidth=1)
11.1802 	EXP 	Created instr2 = TextStim(__class__=<class 'psychopy.visual.text.TextStim'>, alignHoriz='center', alignVert='center', antialias=True, autoLog=True, bold=False, color='black', colorSpace='named', contrast=1.0, depth=0.0, flipHoriz=False, flipVert=False, font='Calibri', fontFiles=[], height=0.05, italic=False, languageStyle='LTR', name='instr2', opacity=1.0, ori=0, pos=array([0., 0.]), rgb=array([0., 0., 0.]), text=str(...), units='norm', win=Window(...), wrapWidth=1)
11.2559 	EXP 	Created instr3 = TextStim(__class__=<class 'psychopy.visual.text.TextStim'>, alignHoriz='center', alignVert='center', antialias=True, autoLog=True, bold=False, color='black', colorSpace='named', contrast=1.0, depth=0.0, flipHoriz=False, flipVert=False, font='Calibri', fontFiles=[], height=0.04, italic=False, languageStyle='LTR', name='instr3', opacity=1.0, ori=0, pos=array([0., 0.]), rgb=array([0., 0., 0.]), text=str(...), units='norm', win=Window(...), wrapWidth=1)
11.2593 	EXP 	Created fixation2 = TextStim(__class__=<class 'psychopy.visual.text.TextStim'>, alignHoriz='center', alignVert='center', antialias=True, autoLog=True, bold=False, color='black', colorSpace='named', contrast=1.0, depth=-1.0, flipHoriz=False, flipVert=False, font='Calibri', fontFiles=[], height=0.1, italic=False, languageStyle='LTR', name='fixation2', opacity=1.0, ori=0, pos=array([0., 0.]), rgb=array([0., 0., 0.]), text='+', units='norm', win=Window(...), wrapWidth=1)
11.2654 	EXP 	Created letter2_1 = TextStim(__class__=<class 'psychopy.visual.text.TextStim'>, alignHoriz='center', alignVert='center', antialias=True, autoLog=True, bold=False, color='black', colorSpace='named', contrast=1.0, depth=-2.0, flipHoriz=False, flipVert=False, font='hiragana tfb', fontFiles=[], height=0.2, italic=False, languageStyle='LTR', name='letter2_1', opacity=1.0, ori=0, pos=array([-0.1,  0. ]), rgb=array([0., 0., 0.]), text='default text', units='norm', win=Window(...), wrapWidth=1)
11.2712 	EXP 	Created letter2_2 = TextStim(__class__=<class 'psychopy.visual.text.TextStim'>, alignHoriz='center', alignVert='center', antialias=True, autoLog=True, bold=False, color='black', colorSpace='named', contrast=1.0, depth=-3.0, flipHoriz=False, flipVert=False, font='hiragana tfb', fontFiles=[], height=0.2, italic=False, languageStyle='LTR', name='letter2_2', opacity=1.0, ori=0, pos=array([0.1, 0. ]), rgb=array([0., 0., 0.]), text='default text', units='norm', win=Window(...), wrapWidth=1)
11.3644 	EXP 	Created check = TextStim(__class__=<class 'psychopy.visual.text.TextStim'>, alignHoriz='center', alignVert='center', antialias=True, autoLog=True, bold=False, color='black', colorSpace='named', contrast=1.0, depth=0.0, flipHoriz=False, flipVert=False, font='Arial', fontFiles=[], height=0.1, italic=False, languageStyle='LTR', name='check', opacity=1.0, ori=0, pos=array([0., 0.]), rgb=array([0., 0., 0.]), text=str(...), units='norm', win=Window(...), wrapWidth=1)
11.3704 	EXP 	Created quest = TextStim(__class__=<class 'psychopy.visual.text.TextStim'>, alignHoriz='center', alignVert='center', antialias=True, autoLog=True, bold=False, color='black', colorSpace='named', contrast=1.0, depth=0.0, flipHoriz=False, flipVert=False, font='Arial', fontFiles=[], height=0.15, italic=False, languageStyle='LTR', name='quest', opacity=1.0, ori=0, pos=array([0. , 0.4]), rgb=array([0., 0., 0.]), text='default text', units='norm', win=Window(...), wrapWidth=1)
11.3784 	EXP 	Created letter_string = TextStim(__class__=<class 'psychopy.visual.text.TextStim'>, alignHoriz='center', alignVert='center', antialias=True, autoLog=True, bold=False, color='black', colorSpace='named', contrast=1.0, depth=-1.0, flipHoriz=False, flipVert=False, font='hiragana tfb', fontFiles=[], height=0.3, italic=False, languageStyle='LTR', name='letter_string', opacity=1.0, ori=0, pos=array([0. , 0.1]), rgb=array([0., 0., 0.]), text='default text', units='norm', win=Window(...), wrapWidth=1)
11.3843 	EXP 	Created number_string = TextStim(__class__=<class 'psychopy.visual.text.TextStim'>, alignHoriz='center', alignVert='center', antialias=True, autoLog=True, bold=False, color='black', colorSpace='named', contrast=1.0, depth=-2.0, flipHoriz=False, flipVert=False, font='Arial', fontFiles=[], height=0.2, italic=False, languageStyle='LTR', name='number_string', opacity=1.0, ori=0, pos=array([ 0. , -0.2]), rgb=array([0., 0., 0.]), text='default text', units='norm', win=Window(...), wrapWidth=1)
11.4051 	EXP 	Created t_outro = TextStim(__class__=<class 'psychopy.visual.text.TextStim'>, alignHoriz='center', alignVert='center', antialias=True, autoLog=True, bold=False, color='black', colorSpace='named', contrast=1.0, depth=0.0, flipHoriz=False, flipVert=False, font='Calibri', fontFiles=[], height=0.05, italic=False, languageStyle='LTR', name='t_outro', opacity=1.0, ori=0, pos=array([0., 0.]), rgb=array([0., 0., 0.]), text=str(...), units='norm', win=Window(...), wrapWidth=1)
11.4265 	EXP 	Created task_outro = TextStim(__class__=<class 'psychopy.visual.text.TextStim'>, alignHoriz='center', alignVert='center', antialias=True, autoLog=True, bold=False, color='black', colorSpace='named', contrast=1.0, depth=0.0, flipHoriz=False, flipVert=False, font='Calibri', fontFiles=[], height=0.05, italic=False, languageStyle='LTR', name='task_outro', opacity=1.0, ori=0, pos=array([0., 0.]), rgb=array([0., 0., 0.]), text=str(...), units='norm', win=Window(...), wrapWidth=1)
11.4351 	EXP 	text: autoDraw = True
11.9973 	DATA 	Keypress: space
12.0281 	EXP 	text: autoDraw = False
12.0281 	EXP 	instr1: autoDraw = True
12.3458 	DATA 	Keypress: space
12.4372 	EXP 	Imported hiragana7.xlsx as conditions, 10 conditions, 3 params
12.4377 	EXP 	Created sequence: random, trialTypes=10, nReps=1, seed=None
12.4381 	EXP 	New trial (rep=0, index=0): OrderedDict([('letter10', 'U'), ('letter20', 'L'), ('corrAns0', 'c')])
12.4557 	EXP 	instr1: autoDraw = False
12.4557 	EXP 	letter0_1: text = 'U'
12.4557 	EXP 	letter0_2: text = 'L'
12.4557 	EXP 	fixation0: autoDraw = True
12.9455 	EXP 	fixation0: autoDraw = False
12.9616 	EXP 	letter0_1: autoDraw = True
12.9616 	EXP 	letter0_2: autoDraw = True
13.4463 	DATA 	Keypress: c
13.4645 	EXP 	fixation0: autoDraw = False
13.4645 	EXP 	letter0_1: autoDraw = False
13.4645 	EXP 	letter0_2: autoDraw = False
13.4645 	EXP 	prep_feedb: color = 'green (named)'
13.4645 	EXP 	prep_feedb: text = '+10'
13.4645 	EXP 	prep_feedb: autoDraw = True
14.0459 	EXP 	New trial (rep=0, index=1): OrderedDict([('letter10', 'U'), ('letter20', 'L'), ('corrAns0', 'c')])
14.0615 	EXP 	prep_feedb: autoDraw = False
14.0615 	EXP 	prep_feedb: autoDraw = False
14.0615 	EXP 	letter0_1: text = 'U'
14.0615 	EXP 	letter0_2: text = 'L'
14.0615 	EXP 	fixation0: autoDraw = True
14.5616 	EXP 	fixation0: autoDraw = False
14.5781 	EXP 	letter0_1: autoDraw = True
14.5781 	EXP 	letter0_2: autoDraw = True
14.7637 	DATA 	Keypress: c
14.7792 	EXP 	fixation0: autoDraw = False
14.7792 	EXP 	letter0_1: autoDraw = False
14.7792 	EXP 	letter0_2: autoDraw = False
14.7792 	EXP 	prep_feedb: color = 'green (named)'
14.7792 	EXP 	prep_feedb: text = '+10'
14.7792 	EXP 	prep_feedb: autoDraw = True
15.3624 	EXP 	New trial (rep=0, index=2): OrderedDict([('letter10', 'L'), ('letter20', 'U'), ('corrAns0', 'm')])
15.3781 	EXP 	prep_feedb: autoDraw = False
15.3781 	EXP 	prep_feedb: autoDraw = False
15.3781 	EXP 	letter0_1: text = 'L'
15.3781 	EXP 	letter0_2: text = 'U'
15.3781 	EXP 	fixation0: autoDraw = True
15.8783 	EXP 	fixation0: autoDraw = False
15.8952 	EXP 	letter0_1: autoDraw = True
15.8952 	EXP 	letter0_2: autoDraw = True
16.0453 	DATA 	Keypress: c
16.0616 	EXP 	fixation0: autoDraw = False
16.0616 	EXP 	letter0_1: autoDraw = False
16.0616 	EXP 	letter0_2: autoDraw = False
16.0616 	EXP 	prep_feedb: color = 'red (named)'
16.0616 	EXP 	prep_feedb: text = '-10'
16.0616 	EXP 	prep_feedb: autoDraw = True
16.6458 	EXP 	New trial (rep=0, index=3): OrderedDict([('letter10', 'U'), ('letter20', 'L'), ('corrAns0', 'c')])
16.6616 	EXP 	prep_feedb: autoDraw = False
16.6616 	EXP 	prep_feedb: autoDraw = False
16.6616 	EXP 	letter0_1: text = 'U'
16.6616 	EXP 	letter0_2: text = 'L'
16.6616 	EXP 	fixation0: autoDraw = True
17.1616 	EXP 	fixation0: autoDraw = False
17.1785 	EXP 	letter0_1: autoDraw = True
17.1785 	EXP 	letter0_2: autoDraw = True
17.3963 	DATA 	Keypress: c
17.4113 	EXP 	fixation0: autoDraw = False
17.4113 	EXP 	letter0_1: autoDraw = False
17.4113 	EXP 	letter0_2: autoDraw = False
17.4113 	EXP 	prep_feedb: color = 'green (named)'
17.4113 	EXP 	prep_feedb: text = '+10'
17.4113 	EXP 	prep_feedb: autoDraw = True
17.9959 	EXP 	New trial (rep=0, index=4): OrderedDict([('letter10', 'U'), ('letter20', 'L'), ('corrAns0', 'm')])
18.0118 	EXP 	prep_feedb: autoDraw = False
18.0118 	EXP 	prep_feedb: autoDraw = False
18.0118 	EXP 	letter0_1: text = 'U'
18.0118 	EXP 	letter0_2: text = 'L'
18.0118 	EXP 	fixation0: autoDraw = True
18.5118 	EXP 	fixation0: autoDraw = False
18.5285 	EXP 	letter0_1: autoDraw = True
18.5285 	EXP 	letter0_2: autoDraw = True
18.7482 	DATA 	Keypress: c
18.7781 	EXP 	fixation0: autoDraw = False
18.7781 	EXP 	letter0_1: autoDraw = False
18.7781 	EXP 	letter0_2: autoDraw = False
18.7781 	EXP 	prep_feedb: color = 'red (named)'
18.7781 	EXP 	prep_feedb: text = '-10'
18.7781 	EXP 	prep_feedb: autoDraw = True
19.3626 	EXP 	New trial (rep=0, index=5): OrderedDict([('letter10', 'U'), ('letter20', 'L'), ('corrAns0', 'c')])
19.3784 	EXP 	prep_feedb: autoDraw = False
19.3784 	EXP 	prep_feedb: autoDraw = False
19.3784 	EXP 	letter0_1: text = 'U'
19.3784 	EXP 	letter0_2: text = 'L'
19.3784 	EXP 	fixation0: autoDraw = True
19.8784 	EXP 	fixation0: autoDraw = False
19.8950 	EXP 	letter0_1: autoDraw = True
19.8950 	EXP 	letter0_2: autoDraw = True
20.0288 	DATA 	Keypress: c
20.0450 	EXP 	fixation0: autoDraw = False
20.0450 	EXP 	letter0_1: autoDraw = False
20.0450 	EXP 	letter0_2: autoDraw = False
20.0450 	EXP 	prep_feedb: color = 'green (named)'
20.0450 	EXP 	prep_feedb: text = '+10'
20.0450 	EXP 	prep_feedb: autoDraw = True
20.6293 	EXP 	New trial (rep=0, index=6): OrderedDict([('letter10', 'L'), ('letter20', 'U'), ('corrAns0', 'm')])
20.6452 	EXP 	prep_feedb: autoDraw = False
20.6452 	EXP 	prep_feedb: autoDraw = False
20.6452 	EXP 	letter0_1: text = 'L'
20.6452 	EXP 	letter0_2: text = 'U'
20.6452 	EXP 	fixation0: autoDraw = True
21.1452 	EXP 	fixation0: autoDraw = False
21.1618 	EXP 	letter0_1: autoDraw = True
21.1618 	EXP 	letter0_2: autoDraw = True
21.3623 	DATA 	Keypress: c
21.3785 	EXP 	fixation0: autoDraw = False
21.3785 	EXP 	letter0_1: autoDraw = False
21.3785 	EXP 	letter0_2: autoDraw = False
21.3785 	EXP 	prep_feedb: color = 'red (named)'
21.3785 	EXP 	prep_feedb: text = '-10'
21.3785 	EXP 	prep_feedb: autoDraw = True
21.9627 	EXP 	New trial (rep=0, index=7): OrderedDict([('letter10', 'U'), ('letter20', 'L'), ('corrAns0', 'c')])
21.9785 	EXP 	prep_feedb: autoDraw = False
21.9785 	EXP 	prep_feedb: autoDraw = False
21.9785 	EXP 	letter0_1: text = 'U'
21.9785 	EXP 	letter0_2: text = 'L'
21.9785 	EXP 	fixation0: autoDraw = True
22.4786 	EXP 	fixation0: autoDraw = False
22.4953 	EXP 	letter0_1: autoDraw = True
22.4953 	EXP 	letter0_2: autoDraw = True
22.6644 	DATA 	Keypress: c
22.6952 	EXP 	fixation0: autoDraw = False
22.6952 	EXP 	letter0_1: autoDraw = False
22.6952 	EXP 	letter0_2: autoDraw = False
22.6952 	EXP 	prep_feedb: color = 'green (named)'
22.6952 	EXP 	prep_feedb: text = '+10'
22.6952 	EXP 	prep_feedb: autoDraw = True
23.2795 	EXP 	New trial (rep=0, index=8): OrderedDict([('letter10', 'L'), ('letter20', 'U'), ('corrAns0', 'c')])
23.2951 	EXP 	prep_feedb: autoDraw = False
23.2951 	EXP 	prep_feedb: autoDraw = False
23.2951 	EXP 	letter0_1: text = 'L'
23.2951 	EXP 	letter0_2: text = 'U'
23.2951 	EXP 	fixation0: autoDraw = True
23.7953 	EXP 	fixation0: autoDraw = False
23.8121 	EXP 	letter0_1: autoDraw = True
23.8121 	EXP 	letter0_2: autoDraw = True
23.9465 	DATA 	Keypress: c
23.9620 	EXP 	fixation0: autoDraw = False
23.9620 	EXP 	letter0_1: autoDraw = False
23.9620 	EXP 	letter0_2: autoDraw = False
23.9620 	EXP 	prep_feedb: color = 'green (named)'
23.9620 	EXP 	prep_feedb: text = '+10'
23.9620 	EXP 	prep_feedb: autoDraw = True
24.5462 	EXP 	New trial (rep=0, index=9): OrderedDict([('letter10', 'L'), ('letter20', 'U'), ('corrAns0', 'm')])
24.5621 	EXP 	prep_feedb: autoDraw = False
24.5621 	EXP 	prep_feedb: autoDraw = False
24.5621 	EXP 	letter0_1: text = 'L'
24.5621 	EXP 	letter0_2: text = 'U'
24.5621 	EXP 	fixation0: autoDraw = True
25.0620 	EXP 	fixation0: autoDraw = False
25.0787 	EXP 	letter0_1: autoDraw = True
25.0787 	EXP 	letter0_2: autoDraw = True
25.2625 	DATA 	Keypress: c
25.2787 	EXP 	fixation0: autoDraw = False
25.2787 	EXP 	letter0_1: autoDraw = False
25.2787 	EXP 	letter0_2: autoDraw = False
25.2787 	EXP 	prep_feedb: color = 'red (named)'
25.2787 	EXP 	prep_feedb: text = '-10'
25.2787 	EXP 	prep_feedb: autoDraw = True
25.8789 	EXP 	prep_feedb: autoDraw = False
25.8789 	EXP 	prep_feedb: autoDraw = False
25.8789 	EXP 	prep_outro: autoDraw = True
26.7630 	DATA 	Keypress: space
26.7771 	EXP 	Imported letterchoice.xlsx as conditions, 3 conditions, 3 params
26.7775 	EXP 	Created sequence: random, trialTypes=3, nReps=1, seed=None
26.7779 	EXP 	New trial (rep=0, index=0): OrderedDict([('letterset', 'hiragana2.xlsx'), ('letterset2', 'hiragana21.xlsx'), ('letterset3', 'hiragana22.xlsx')])
26.7942 	EXP 	Imported hiragana22.xlsx as conditions, 2 conditions, 3 params
26.7945 	EXP 	Created sequence: sequential, trialTypes=2, nReps=1, seed=None
26.7949 	EXP 	New trial (rep=0, index=0): OrderedDict([('question', 'Most Probable'), ('learnt_letters', ' o s b V W J'), ('numbers', '1   2   3   4   5  6')])
26.8664 	EXP 	prep_outro: autoDraw = False
26.8664 	EXP 	quest: text = 'Most Probable'
26.8664 	EXP 	letter_string: text = ' o s b V W J'
26.8664 	EXP 	number_string: text = '1   2   3   4   5  6'
26.8664 	EXP 	quest: autoDraw = True
26.8664 	EXP 	letter_string: autoDraw = True
26.8664 	EXP 	number_string: autoDraw = True
36.6296 	DATA 	Keypress: escape
36.6665 	EXP 	window1: mouseVisible = True
5.4479 	WARNING 	Import Error: No module named 'psychtoolbox'. Using event module for keyboard component.
9.1124 	WARNING 	User requested fullscreen with size [1920 1080], but screen is actually [1366, 768]. Using actual size
10.3706 	EXP 	Created window1 = Window(allowGUI=False, allowStencil=False, args=UNKNOWN, autoLog=True, bitsMode=UNKNOWN, blendMode='avg', color=array([0., 0., 0.]), colorSpace='rgb', fullscr=<method-wrapper '__getattribute__' of attributeSetter object at 0x000002750513A4A8>, gamma=None, kwargs=UNKNOWN, lms=UNKNOWN, monitor=<psychopy.monitors.calibTools.Monitor object at 0x0000027504F86C50>, multiSample=False, name='window1', numSamples=2, pos=[0.0, 0.0], screen=0, size=array([1366,  768]), stereo=False, units='norm', useFBO=True, useRetina=False, viewOri=0.0, viewPos=None, viewScale=None, waitBlanking=True, winType='pyglet')
10.3707 	EXP 	window1: recordFrameIntervals = False
10.5369 	EXP 	window1: recordFrameIntervals = True
10.7201 	EXP 	window1: recordFrameIntervals = False
10.9058 	EXP 	Created text = TextStim(__class__=<class 'psychopy.visual.text.TextStim'>, alignHoriz='center', alignVert='center', antialias=True, autoLog=True, bold=False, color='black', colorSpace='named', contrast=1.0, depth=0.0, flipHoriz=False, flipVert=False, font='Calibri', fontFiles=[], height=0.05, italic=False, languageStyle='LTR', name='text', opacity=1.0, ori=0, pos=array([0., 0.]), rgb=array([0., 0., 0.]), text=str(...), units='norm', win=Window(...), wrapWidth=1)
10.9819 	EXP 	Created instr1 = TextStim(__class__=<class 'psychopy.visual.text.TextStim'>, alignHoriz='center', alignVert='center', antialias=True, autoLog=True, bold=False, color='black', colorSpace='named', contrast=1.0, depth=0.0, flipHoriz=False, flipVert=False, font='Arial', fontFiles=[], height=0.04, italic=False, languageStyle='LTR', name='instr1', opacity=1.0, ori=0, pos=array([0., 0.]), rgb=array([0., 0., 0.]), text=str(...), units='norm', win=Window(...), wrapWidth=1)
10.9907 	EXP 	Created fixation0 = TextStim(__class__=<class 'psychopy.visual.text.TextStim'>, alignHoriz='center', alignVert='center', antialias=True, autoLog=True, bold=False, color='black', colorSpace='named', contrast=1.0, depth=0.0, flipHoriz=False, flipVert=False, font='Calibri', fontFiles=[], height=0.1, italic=False, languageStyle='LTR', name='fixation0', opacity=1.0, ori=0, pos=array([0., 0.]), rgb=array([0., 0., 0.]), text='+', units='norm', win=Window(...), wrapWidth=1)
11.0115 	EXP 	Created letter0_1 = TextStim(__class__=<class 'psychopy.visual.text.TextStim'>, alignHoriz='center', alignVert='center', antialias=True, autoLog=True, bold=False, color='black', colorSpace='named', contrast=1.0, depth=-1.0, flipHoriz=False, flipVert=False, font='hiragana tfb', fontFiles=[], height=0.2, italic=False, languageStyle='LTR', name='letter0_1', opacity=1.0, ori=0, pos=array([-0.1,  0. ]), rgb=array([0., 0., 0.]), text='default text', units='norm', win=Window(...), wrapWidth=1)
11.0209 	EXP 	Created letter0_2 = TextStim(__class__=<class 'psychopy.visual.text.TextStim'>, alignHoriz='center', alignVert='center', antialias=True, autoLog=True, bold=False, color='black', colorSpace='named', contrast=1.0, depth=-2.0, flipHoriz=False, flipVert=False, font='hiragana tfb', fontFiles=[], height=0.2, italic=False, languageStyle='LTR', name='letter0_2', opacity=1.0, ori=0, pos=array([0.1, 0. ]), rgb=array([0., 0., 0.]), text='default text', units='norm', win=Window(...), wrapWidth=1)
11.0331 	EXP 	Created prep_feedb = TextStim(__class__=<class 'psychopy.visual.text.TextStim'>, alignHoriz='center', alignVert='center', antialias=True, autoLog=True, bold=False, color='white', colorSpace='named', contrast=1.0, depth=-1.0, flipHoriz=False, flipVert=False, font='Calibri', fontFiles=[], height=0.1, italic=False, languageStyle='LTR', name='prep_feedb', opacity=1.0, ori=0, pos=array([0., 0.]), rgb=array([255., 255., 255.]), text='default text', units='norm', win=Window(...), wrapWidth=1)
11.0760 	EXP 	Created prep_outro = TextStim(__class__=<class 'psychopy.visual.text.TextStim'>, alignHoriz='center', alignVert='center', antialias=True, autoLog=True, bold=False, color='black', colorSpace='named', contrast=1.0, depth=0.0, flipHoriz=False, flipVert=False, font='Calibri', fontFiles=[], height=0.05, italic=False, languageStyle='LTR', name='prep_outro', opacity=1.0, ori=0, pos=array([0., 0.]), rgb=array([0., 0., 0.]), text=str(...), units='norm', win=Window(...), wrapWidth=1)
11.0980 	EXP 	Created quest = TextStim(__class__=<class 'psychopy.visual.text.TextStim'>, alignHoriz='center', alignVert='center', antialias=True, autoLog=True, bold=False, color='black', colorSpace='named', contrast=1.0, depth=0.0, flipHoriz=False, flipVert=False, font='Arial', fontFiles=[], height=0.15, italic=False, languageStyle='LTR', name='quest', opacity=1.0, ori=0, pos=array([0. , 0.6]), rgb=array([0., 0., 0.]), text='default text', units='norm', win=Window(...), wrapWidth=1)
11.1216 	EXP 	Created letter_string = TextStim(__class__=<class 'psychopy.visual.text.TextStim'>, alignHoriz='center', alignVert='center', antialias=True, autoLog=True, bold=False, color='black', colorSpace='named', contrast=1.0, depth=-1.0, flipHoriz=False, flipVert=False, font='hiragana tfb', fontFiles=[], height=0.25, italic=False, languageStyle='LTR', name='letter_string', opacity=1.0, ori=0, pos=array([0. , 0.1]), rgb=array([0., 0., 0.]), text='default text', units='norm', win=Window(...), wrapWidth=1)
11.1442 	EXP 	Created number_string = TextStim(__class__=<class 'psychopy.visual.text.TextStim'>, alignHoriz='center', alignVert='center', antialias=True, autoLog=True, bold=False, color='black', colorSpace='named', contrast=1.0, depth=-2.0, flipHoriz=False, flipVert=False, font='Arial', fontFiles=[], height=0.2, italic=False, languageStyle='LTR', name='number_string', opacity=1.0, ori=0, pos=array([ 0. , -0.2]), rgb=array([0., 0., 0.]), text='default text', units='norm', win=Window(...), wrapWidth=1)
11.2029 	EXP 	Created pract_intr = TextStim(__class__=<class 'psychopy.visual.text.TextStim'>, alignHoriz='center', alignVert='center', antialias=True, autoLog=True, bold=False, color='black', colorSpace='named', contrast=1.0, depth=-1.0, flipHoriz=False, flipVert=False, font='Calibri', fontFiles=[], height=0.05, italic=False, languageStyle='LTR', name='pract_intr', opacity=1.0, ori=0, pos=array([0., 0.]), rgb=array([0., 0., 0.]), text=str(...), units='norm', win=Window(...), wrapWidth=1)
11.2068 	EXP 	Created fixation1 = TextStim(__class__=<class 'psychopy.visual.text.TextStim'>, alignHoriz='center', alignVert='center', antialias=True, autoLog=True, bold=False, color='black', colorSpace='named', contrast=1.0, depth=-1.0, flipHoriz=False, flipVert=False, font='Calibri', fontFiles=[], height=0.1, italic=False, languageStyle='LTR', name='fixation1', opacity=1.0, ori=0, pos=array([0., 0.]), rgb=array([0., 0., 0.]), text='+', units='norm', win=Window(...), wrapWidth=1)
11.2130 	EXP 	Created letter1_1 = TextStim(__class__=<class 'psychopy.visual.text.TextStim'>, alignHoriz='center', alignVert='center', antialias=True, autoLog=True, bold=False, color='black', colorSpace='named', contrast=1.0, depth=-2.0, flipHoriz=False, flipVert=False, font='hiragana tfb', fontFiles=[], height=0.2, italic=False, languageStyle='LTR', name='letter1_1', opacity=1.0, ori=0, pos=array([-0.1,  0. ]), rgb=array([0., 0., 0.]), text='default text', units='norm', win=Window(...), wrapWidth=1)
11.2190 	EXP 	Created letter1_2 = TextStim(__class__=<class 'psychopy.visual.text.TextStim'>, alignHoriz='center', alignVert='center', antialias=True, autoLog=True, bold=False, color='black', colorSpace='named', contrast=1.0, depth=-3.0, flipHoriz=False, flipVert=False, font='hiragana tfb', fontFiles=[], height=0.2, italic=False, languageStyle='LTR', name='letter1_2', opacity=1.0, ori=0, pos=array([0.1, 0. ]), rgb=array([0., 0., 0.]), text='default text', units='norm', win=Window(...), wrapWidth=1)
11.2198 	EXP 	Created blank_feed = TextStim(__class__=<class 'psychopy.visual.text.TextStim'>, alignHoriz='center', alignVert='center', antialias=True, autoLog=True, bold=False, color='black', colorSpace='named', contrast=1.0, depth=-1.0, flipHoriz=False, flipVert=False, font='Calibri', fontFiles=[], height=0.1, italic=False, languageStyle='LTR', name='blank_feed', opacity=1.0, ori=0, pos=array([0., 0.]), rgb=array([0., 0., 0.]), text='', units='norm', win=Window(...), wrapWidth=1)
11.2256 	EXP 	Created feedb = TextStim(__class__=<class 'psychopy.visual.text.TextStim'>, alignHoriz='center', alignVert='center', antialias=True, autoLog=True, bold=False, color='white', colorSpace='named', contrast=1.0, depth=-2.0, flipHoriz=False, flipVert=False, font='Calibri', fontFiles=[], height=0.1, italic=False, languageStyle='LTR', name='feedb', opacity=1.0, ori=0, pos=array([0., 0.]), rgb=array([255., 255., 255.]), text='default text', units='norm', win=Window(...), wrapWidth=1)
11.2427 	EXP 	Created instr2 = TextStim(__class__=<class 'psychopy.visual.text.TextStim'>, alignHoriz='center', alignVert='center', antialias=True, autoLog=True, bold=False, color='black', colorSpace='named', contrast=1.0, depth=0.0, flipHoriz=False, flipVert=False, font='Calibri', fontFiles=[], height=0.05, italic=False, languageStyle='LTR', name='instr2', opacity=1.0, ori=0, pos=array([0., 0.]), rgb=array([0., 0., 0.]), text=str(...), units='norm', win=Window(...), wrapWidth=1)
11.3200 	EXP 	Created instr3 = TextStim(__class__=<class 'psychopy.visual.text.TextStim'>, alignHoriz='center', alignVert='center', antialias=True, autoLog=True, bold=False, color='black', colorSpace='named', contrast=1.0, depth=0.0, flipHoriz=False, flipVert=False, font='Calibri', fontFiles=[], height=0.04, italic=False, languageStyle='LTR', name='instr3', opacity=1.0, ori=0, pos=array([0., 0.]), rgb=array([0., 0., 0.]), text=str(...), units='norm', win=Window(...), wrapWidth=1)
11.3233 	EXP 	Created fixation2 = TextStim(__class__=<class 'psychopy.visual.text.TextStim'>, alignHoriz='center', alignVert='center', antialias=True, autoLog=True, bold=False, color='black', colorSpace='named', contrast=1.0, depth=-1.0, flipHoriz=False, flipVert=False, font='Calibri', fontFiles=[], height=0.1, italic=False, languageStyle='LTR', name='fixation2', opacity=1.0, ori=0, pos=array([0., 0.]), rgb=array([0., 0., 0.]), text='+', units='norm', win=Window(...), wrapWidth=1)
11.3293 	EXP 	Created letter2_1 = TextStim(__class__=<class 'psychopy.visual.text.TextStim'>, alignHoriz='center', alignVert='center', antialias=True, autoLog=True, bold=False, color='black', colorSpace='named', contrast=1.0, depth=-2.0, flipHoriz=False, flipVert=False, font='hiragana tfb', fontFiles=[], height=0.2, italic=False, languageStyle='LTR', name='letter2_1', opacity=1.0, ori=0, pos=array([-0.1,  0. ]), rgb=array([0., 0., 0.]), text='default text', units='norm', win=Window(...), wrapWidth=1)
11.3353 	EXP 	Created letter2_2 = TextStim(__class__=<class 'psychopy.visual.text.TextStim'>, alignHoriz='center', alignVert='center', antialias=True, autoLog=True, bold=False, color='black', colorSpace='named', contrast=1.0, depth=-3.0, flipHoriz=False, flipVert=False, font='hiragana tfb', fontFiles=[], height=0.2, italic=False, languageStyle='LTR', name='letter2_2', opacity=1.0, ori=0, pos=array([0.1, 0. ]), rgb=array([0., 0., 0.]), text='default text', units='norm', win=Window(...), wrapWidth=1)
11.4293 	EXP 	Created check = TextStim(__class__=<class 'psychopy.visual.text.TextStim'>, alignHoriz='center', alignVert='center', antialias=True, autoLog=True, bold=False, color='black', colorSpace='named', contrast=1.0, depth=0.0, flipHoriz=False, flipVert=False, font='Arial', fontFiles=[], height=0.1, italic=False, languageStyle='LTR', name='check', opacity=1.0, ori=0, pos=array([0., 0.]), rgb=array([0., 0., 0.]), text=str(...), units='norm', win=Window(...), wrapWidth=1)
11.4354 	EXP 	Created quest = TextStim(__class__=<class 'psychopy.visual.text.TextStim'>, alignHoriz='center', alignVert='center', antialias=True, autoLog=True, bold=False, color='black', colorSpace='named', contrast=1.0, depth=0.0, flipHoriz=False, flipVert=False, font='Arial', fontFiles=[], height=0.15, italic=False, languageStyle='LTR', name='quest', opacity=1.0, ori=0, pos=array([0. , 0.6]), rgb=array([0., 0., 0.]), text='default text', units='norm', win=Window(...), wrapWidth=1)
11.4438 	EXP 	Created letter_string = TextStim(__class__=<class 'psychopy.visual.text.TextStim'>, alignHoriz='center', alignVert='center', antialias=True, autoLog=True, bold=False, color='black', colorSpace='named', contrast=1.0, depth=-1.0, flipHoriz=False, flipVert=False, font='hiragana tfb', fontFiles=[], height=0.25, italic=False, languageStyle='LTR', name='letter_string', opacity=1.0, ori=0, pos=array([0. , 0.1]), rgb=array([0., 0., 0.]), text='default text', units='norm', win=Window(...), wrapWidth=1)
11.4505 	EXP 	Created number_string = TextStim(__class__=<class 'psychopy.visual.text.TextStim'>, alignHoriz='center', alignVert='center', antialias=True, autoLog=True, bold=False, color='black', colorSpace='named', contrast=1.0, depth=-2.0, flipHoriz=False, flipVert=False, font='Arial', fontFiles=[], height=0.2, italic=False, languageStyle='LTR', name='number_string', opacity=1.0, ori=0, pos=array([ 0. , -0.2]), rgb=array([0., 0., 0.]), text='default text', units='norm', win=Window(...), wrapWidth=1)
11.4717 	EXP 	Created t_outro = TextStim(__class__=<class 'psychopy.visual.text.TextStim'>, alignHoriz='center', alignVert='center', antialias=True, autoLog=True, bold=False, color='black', colorSpace='named', contrast=1.0, depth=0.0, flipHoriz=False, flipVert=False, font='Calibri', fontFiles=[], height=0.05, italic=False, languageStyle='LTR', name='t_outro', opacity=1.0, ori=0, pos=array([0., 0.]), rgb=array([0., 0., 0.]), text=str(...), units='norm', win=Window(...), wrapWidth=1)
11.4932 	EXP 	Created task_outro = TextStim(__class__=<class 'psychopy.visual.text.TextStim'>, alignHoriz='center', alignVert='center', antialias=True, autoLog=True, bold=False, color='black', colorSpace='named', contrast=1.0, depth=0.0, flipHoriz=False, flipVert=False, font='Calibri', fontFiles=[], height=0.05, italic=False, languageStyle='LTR', name='task_outro', opacity=1.0, ori=0, pos=array([0., 0.]), rgb=array([0., 0., 0.]), text=str(...), units='norm', win=Window(...), wrapWidth=1)
11.5017 	EXP 	text: autoDraw = True
12.1709 	DATA 	Keypress: space
12.1866 	EXP 	text: autoDraw = False
12.1866 	EXP 	instr1: autoDraw = True
12.5881 	DATA 	Keypress: space
12.6619 	EXP 	Imported hiragana7.xlsx as conditions, 10 conditions, 3 params
12.6623 	EXP 	Created sequence: random, trialTypes=10, nReps=1, seed=None
12.6627 	EXP 	New trial (rep=0, index=0): OrderedDict([('letter10', 'L'), ('letter20', 'U'), ('corrAns0', 'c')])
12.6796 	EXP 	instr1: autoDraw = False
12.6796 	EXP 	letter0_1: text = 'L'
12.6796 	EXP 	letter0_2: text = 'U'
12.6796 	EXP 	fixation0: autoDraw = True
13.1699 	EXP 	fixation0: autoDraw = False
13.1863 	EXP 	letter0_1: autoDraw = True
13.1863 	EXP 	letter0_2: autoDraw = True
13.7565 	DATA 	Keypress: c
13.7893 	EXP 	fixation0: autoDraw = False
13.7893 	EXP 	letter0_1: autoDraw = False
13.7893 	EXP 	letter0_2: autoDraw = False
13.7893 	EXP 	prep_feedb: color = 'green (named)'
13.7893 	EXP 	prep_feedb: text = '+10'
13.7893 	EXP 	prep_feedb: autoDraw = True
14.3710 	EXP 	New trial (rep=0, index=1): OrderedDict([('letter10', 'L'), ('letter20', 'U'), ('corrAns0', 'm')])
14.3865 	EXP 	prep_feedb: autoDraw = False
14.3865 	EXP 	prep_feedb: autoDraw = False
14.3865 	EXP 	letter0_1: text = 'L'
14.3865 	EXP 	letter0_2: text = 'U'
14.3865 	EXP 	fixation0: autoDraw = True
14.8866 	EXP 	fixation0: autoDraw = False
14.9033 	EXP 	letter0_1: autoDraw = True
14.9033 	EXP 	letter0_2: autoDraw = True
15.0212 	DATA 	Keypress: c
15.0366 	EXP 	fixation0: autoDraw = False
15.0366 	EXP 	letter0_1: autoDraw = False
15.0366 	EXP 	letter0_2: autoDraw = False
15.0366 	EXP 	prep_feedb: color = 'red (named)'
15.0366 	EXP 	prep_feedb: text = '-10'
15.0366 	EXP 	prep_feedb: autoDraw = True
15.6209 	EXP 	New trial (rep=0, index=2): OrderedDict([('letter10', 'L'), ('letter20', 'U'), ('corrAns0', 'm')])
15.6366 	EXP 	prep_feedb: autoDraw = False
15.6366 	EXP 	prep_feedb: autoDraw = False
15.6366 	EXP 	letter0_1: text = 'L'
15.6366 	EXP 	letter0_2: text = 'U'
15.6366 	EXP 	fixation0: autoDraw = True
16.1367 	EXP 	fixation0: autoDraw = False
16.1533 	EXP 	letter0_1: autoDraw = True
16.1533 	EXP 	letter0_2: autoDraw = True
16.2542 	DATA 	Keypress: c
16.2700 	EXP 	fixation0: autoDraw = False
16.2700 	EXP 	letter0_1: autoDraw = False
16.2700 	EXP 	letter0_2: autoDraw = False
16.2700 	EXP 	prep_feedb: color = 'red (named)'
16.2700 	EXP 	prep_feedb: text = '-10'
16.2700 	EXP 	prep_feedb: autoDraw = True
16.8543 	EXP 	New trial (rep=0, index=3): OrderedDict([('letter10', 'U'), ('letter20', 'L'), ('corrAns0', 'c')])
16.8700 	EXP 	prep_feedb: autoDraw = False
16.8700 	EXP 	prep_feedb: autoDraw = False
16.8700 	EXP 	letter0_1: text = 'U'
16.8700 	EXP 	letter0_2: text = 'L'
16.8700 	EXP 	fixation0: autoDraw = True
17.3700 	EXP 	fixation0: autoDraw = False
17.3867 	EXP 	letter0_1: autoDraw = True
17.3867 	EXP 	letter0_2: autoDraw = True
17.4374 	DATA 	Keypress: c
17.4537 	EXP 	fixation0: autoDraw = False
17.4537 	EXP 	letter0_1: autoDraw = False
17.4537 	EXP 	letter0_2: autoDraw = False
17.4537 	EXP 	prep_feedb: color = 'green (named)'
17.4537 	EXP 	prep_feedb: text = '+10'
17.4537 	EXP 	prep_feedb: autoDraw = True
18.0376 	EXP 	New trial (rep=0, index=4): OrderedDict([('letter10', 'U'), ('letter20', 'L'), ('corrAns0', 'm')])
18.0534 	EXP 	prep_feedb: autoDraw = False
18.0534 	EXP 	prep_feedb: autoDraw = False
18.0534 	EXP 	letter0_1: text = 'U'
18.0534 	EXP 	letter0_2: text = 'L'
18.0534 	EXP 	fixation0: autoDraw = True
18.5534 	EXP 	fixation0: autoDraw = False
18.5701 	EXP 	letter0_1: autoDraw = True
18.5701 	EXP 	letter0_2: autoDraw = True
18.7063 	DATA 	Keypress: c
18.7373 	EXP 	fixation0: autoDraw = False
18.7373 	EXP 	letter0_1: autoDraw = False
18.7373 	EXP 	letter0_2: autoDraw = False
18.7373 	EXP 	prep_feedb: color = 'red (named)'
18.7373 	EXP 	prep_feedb: text = '-10'
18.7373 	EXP 	prep_feedb: autoDraw = True
19.3214 	EXP 	New trial (rep=0, index=5): OrderedDict([('letter10', 'U'), ('letter20', 'L'), ('corrAns0', 'c')])
19.3367 	EXP 	prep_feedb: autoDraw = False
19.3367 	EXP 	prep_feedb: autoDraw = False
19.3367 	EXP 	letter0_1: text = 'U'
19.3367 	EXP 	letter0_2: text = 'L'
19.3367 	EXP 	fixation0: autoDraw = True
19.8367 	EXP 	fixation0: autoDraw = False
19.8535 	EXP 	letter0_1: autoDraw = True
19.8535 	EXP 	letter0_2: autoDraw = True
19.9719 	DATA 	Keypress: c
19.9867 	EXP 	fixation0: autoDraw = False
19.9867 	EXP 	letter0_1: autoDraw = False
19.9867 	EXP 	letter0_2: autoDraw = False
19.9867 	EXP 	prep_feedb: color = 'green (named)'
19.9867 	EXP 	prep_feedb: text = '+10'
19.9867 	EXP 	prep_feedb: autoDraw = True
20.5719 	EXP 	New trial (rep=0, index=6): OrderedDict([('letter10', 'L'), ('letter20', 'U'), ('corrAns0', 'm')])
20.5883 	EXP 	prep_feedb: autoDraw = False
20.5883 	EXP 	prep_feedb: autoDraw = False
20.5883 	EXP 	letter0_1: text = 'L'
20.5883 	EXP 	letter0_2: text = 'U'
20.5883 	EXP 	fixation0: autoDraw = True
21.0880 	EXP 	fixation0: autoDraw = False
21.1040 	EXP 	letter0_1: autoDraw = True
21.1040 	EXP 	letter0_2: autoDraw = True
21.2205 	DATA 	Keypress: c
21.2364 	EXP 	fixation0: autoDraw = False
21.2364 	EXP 	letter0_1: autoDraw = False
21.2364 	EXP 	letter0_2: autoDraw = False
21.2364 	EXP 	prep_feedb: color = 'red (named)'
21.2364 	EXP 	prep_feedb: text = '-10'
21.2364 	EXP 	prep_feedb: autoDraw = True
21.8212 	EXP 	New trial (rep=0, index=7): OrderedDict([('letter10', 'U'), ('letter20', 'L'), ('corrAns0', 'c')])
21.8368 	EXP 	prep_feedb: autoDraw = False
21.8368 	EXP 	prep_feedb: autoDraw = False
21.8368 	EXP 	letter0_1: text = 'U'
21.8368 	EXP 	letter0_2: text = 'L'
21.8368 	EXP 	fixation0: autoDraw = True
22.3369 	EXP 	fixation0: autoDraw = False
22.3536 	EXP 	letter0_1: autoDraw = True
22.3536 	EXP 	letter0_2: autoDraw = True
22.4206 	DATA 	Keypress: c
22.4374 	EXP 	fixation0: autoDraw = False
22.4374 	EXP 	letter0_1: autoDraw = False
22.4374 	EXP 	letter0_2: autoDraw = False
22.4374 	EXP 	prep_feedb: color = 'green (named)'
22.4374 	EXP 	prep_feedb: text = '+10'
22.4374 	EXP 	prep_feedb: autoDraw = True
23.0211 	EXP 	New trial (rep=0, index=8): OrderedDict([('letter10', 'U'), ('letter20', 'L'), ('corrAns0', 'c')])
23.0374 	EXP 	prep_feedb: autoDraw = False
23.0374 	EXP 	prep_feedb: autoDraw = False
23.0374 	EXP 	letter0_1: text = 'U'
23.0374 	EXP 	letter0_2: text = 'L'
23.0374 	EXP 	fixation0: autoDraw = True
23.5370 	EXP 	fixation0: autoDraw = False
23.5536 	EXP 	letter0_1: autoDraw = True
23.5536 	EXP 	letter0_2: autoDraw = True
23.6235 	DATA 	Keypress: c
23.6539 	EXP 	fixation0: autoDraw = False
23.6539 	EXP 	letter0_1: autoDraw = False
23.6539 	EXP 	letter0_2: autoDraw = False
23.6539 	EXP 	prep_feedb: color = 'green (named)'
23.6539 	EXP 	prep_feedb: text = '+10'
23.6539 	EXP 	prep_feedb: autoDraw = True
24.2379 	EXP 	New trial (rep=0, index=9): OrderedDict([('letter10', 'U'), ('letter20', 'L'), ('corrAns0', 'c')])
24.2537 	EXP 	prep_feedb: autoDraw = False
24.2537 	EXP 	prep_feedb: autoDraw = False
24.2537 	EXP 	letter0_1: text = 'U'
24.2537 	EXP 	letter0_2: text = 'L'
24.2537 	EXP 	fixation0: autoDraw = True
24.7050 	DATA 	Keypress: c
24.7538 	EXP 	fixation0: autoDraw = False
24.7704 	EXP 	letter0_1: autoDraw = True
24.7704 	EXP 	letter0_2: autoDraw = True
24.9387 	DATA 	Keypress: c
24.9704 	EXP 	fixation0: autoDraw = False
24.9704 	EXP 	letter0_1: autoDraw = False
24.9704 	EXP 	letter0_2: autoDraw = False
24.9704 	EXP 	prep_feedb: color = 'green (named)'
24.9704 	EXP 	prep_feedb: text = '+10'
24.9704 	EXP 	prep_feedb: autoDraw = True
25.5705 	EXP 	prep_feedb: autoDraw = False
25.5705 	EXP 	prep_feedb: autoDraw = False
25.5705 	EXP 	prep_outro: autoDraw = True
26.2901 	DATA 	Keypress: space
26.3131 	EXP 	Imported letterchoice.xlsx as conditions, 3 conditions, 3 params
26.3134 	EXP 	Created sequence: random, trialTypes=3, nReps=1, seed=None
26.3138 	EXP 	New trial (rep=0, index=0): OrderedDict([('letterset', 'hiragana1.xlsx'), ('letterset2', 'hiragana11.xlsx'), ('letterset3', 'hiragana12.xlsx')])
26.3289 	EXP 	Imported hiragana12.xlsx as conditions, 2 conditions, 3 params
26.3292 	EXP 	Created sequence: sequential, trialTypes=2, nReps=1, seed=None
26.3296 	EXP 	New trial (rep=0, index=0): OrderedDict([('question', 'Most Probable'), ('learnt_letters', 'a O I L d A'), ('numbers', '1   2   3  4  5   6')])
26.3857 	EXP 	prep_outro: autoDraw = False
26.3857 	EXP 	quest: text = 'Most Probable'
26.3857 	EXP 	letter_string: text = 'a O I L d A'
26.3857 	EXP 	number_string: text = '1   2   3  4  5   6'
26.3857 	EXP 	quest: autoDraw = True
26.3857 	EXP 	letter_string: autoDraw = True
26.3857 	EXP 	number_string: autoDraw = True
43.6253 	DATA 	Keypress: 1
43.6406 	EXP 	New trial (rep=0, index=1): OrderedDict([('question', 'Least Probable'), ('learnt_letters', 'a O I L d A'), ('numbers', '1   2   3  4  5   6')])
43.6594 	EXP 	quest: autoDraw = False
43.6594 	EXP 	letter_string: autoDraw = False
43.6594 	EXP 	number_string: autoDraw = False
43.6594 	EXP 	quest: text = 'Least Probable'
43.6594 	EXP 	letter_string: text = 'a O I L d A'
43.6594 	EXP 	number_string: text = '1   2   3  4  5   6'
43.6594 	EXP 	quest: autoDraw = True
43.6594 	EXP 	letter_string: autoDraw = True
43.6594 	EXP 	number_string: autoDraw = True
47.6417 	DATA 	Keypress: 6
47.6715 	EXP 	quest: autoDraw = False
47.6715 	EXP 	letter_string: autoDraw = False
47.6715 	EXP 	number_string: autoDraw = False
47.6715 	EXP 	pract_intr: autoDraw = True
49.0220 	DATA 	Keypress: escape
49.0712 	EXP 	window1: mouseVisible = True
